718 Macbeth
265 Lady Macbeth
212 Malcolm
180 Macduff
135 Ross
113 Banquo
73 Lennox
70 Duncan
62 First Witch
46 Porter
45 Doctor
41 Lady Macduff
39 Hecate
35 Sergeant
30 Siward
30 First Murderer
27 Third Witch
27 Second Witch
24 All
23 Gentlewoman
23 Messenger
21 Angus
21 Lord
20 Son
15 Second Murderer
12 Menteith
11 Caithness
11 Old Man
10 Donalbain
8 Third Murderer
7 Young Siward
5 Servant
5 Seyton
5 Third Apparition
4 Second Apparition
3 Lords
2 Both Murderers
2 Fleance
2 First Apparition
1 Soldiers
1 Attendant
1 Macbethlennox
0 Young Siward, His Son.
0 Seyton, An Officer Attending On Macbeth.
0 Siward, Earl Of Northumberland, General Of The English Forces.
0 Fleance, Son To Banquo.
0 Boy, Son To Macduff.
0 An English Doctor.
0 A Scotch Doctor.
0 A Soldier.
0 A Porter.
0 An Old Man.
0 Apparitions.
0 Gentlewoman Attending On Lady Macbeth.
0 Lords, Gentlemen, Officers, Soldiers, Murderers, Attendants, And Messengers.
0 Three Witches.
0 Duncan, King Of Scotland.
